<?xml version="1.0" encoding="UTF-8"?>
<!-- Generated by org.testng.reporters.JUnitXMLReporter -->
<testsuite hostname="LAPTOP-CIGMMOOC" ignored="0" name="Titan Auto App Test Cases" tests="2" failures="1" timestamp="12 Oct 2018 19:59:47 GMT" time="49.945" errors="0">
  <testcase name="loginPageTitleTest" time="7.516" classname="com.titan.qa.testcases.LoginPageTest">
    <failure type="java.lang.AssertionError" message="expected [My Account - Login or Signup - Fastrac] but found [My Account - Login or Signup - Fastrack]">
      <![CDATA[java.lang.AssertionError: expected [My Account - Login or Signup - Fastrac] but found [My Account - Login or Signup - Fastrack]
	at com.titan.qa.testcases.LoginPageTest.loginPageTitleTest(LoginPageTest.java:47)
... Removed 31 stack frames]]>
    </failure>
  </testcase> <!-- loginPageTitleTest -->
  <testcase name="loginTest" time="13.816" classname="com.titan.qa.testcases.LoginPageTest"/>
</testsuite> <!-- Titan Auto App Test Cases -->
